Running: C:\Xilinx\14.7\ISE_DS\ISE\bin\nt64\unwrapped\fuse.exe -intstyle ise -incremental -lib unisims_ver -lib unimacro_ver -lib xilinxcorelib_ver -o C:/Users/veyseler/Desktop/lab4/verilog_1/test_isim_beh.exe -prj C:/Users/veyseler/Desktop/lab4/verilog_1/test_beh.prj work.test work.glbl 
ISim P.20131013 (signature 0x7708f090)
Number of CPUs detected in this system: 8
Turning on mult-threading, number of parallel sub-compilation jobs: 16 
Determining compilation order of HDL files
Analyzing Verilog file "C:/Users/veyseler/Desktop/lab4/verilog_1/full_adder.v" into library work
Analyzing Verilog file "C:/Users/veyseler/Desktop/lab4/verilog_1/fiftheen_bit_adder.v" into library work
Analyzing Verilog file "C:/Users/veyseler/Desktop/lab4/verilog_1/test.v" into library work
Analyzing Verilog file "C:/Xilinx/14.7/ISE_DS/ISE//verilog/src/glbl.v" into library work
Starting static elaboration
Completed static elaboration
Compiling module full_adder
Compiling module fiftheen_bit_adder
Compiling module test
Compiling module glbl
Time Resolution for simulation is 1ps.
Compiled 4 Verilog Units
Built simulation executable C:/Users/veyseler/Desktop/lab4/verilog_1/test_isim_beh.exe
Fuse Memory Usage: 27760 KB
Fuse CPU Usage: 452 ms
