Running: C:\Xilinx\14.7\ISE_DS\ISE\bin\nt64\unwrapped\fuse.exe -intstyle ise -incremental -lib unisims_ver -lib unimacro_ver -lib xilinxcorelib_ver -o C:/Users/veyseler/Desktop/lab4/verilog_2/test_isim_beh.exe -prj C:/Users/veyseler/Desktop/lab4/verilog_2/test_beh.prj work.test work.glbl 
ISim P.20131013 (signature 0x7708f090)
Number of CPUs detected in this system: 8
Turning on mult-threading, number of parallel sub-compilation jobs: 16 
Determining compilation order of HDL files
Analyzing Verilog file "C:/Users/veyseler/Desktop/lab4/verilog_2/schm.v" into library work
Analyzing Verilog file "C:/Users/veyseler/Desktop/lab4/verilog_2/CLA.v" into library work
Analyzing Verilog file "C:/Users/veyseler/Desktop/lab4/verilog_2/hybrid_cla.v" into library work
Analyzing Verilog file "C:/Users/veyseler/Desktop/lab4/verilog_2/test.v" into library work
Analyzing Verilog file "C:/Xilinx/14.7/ISE_DS/ISE//verilog/src/glbl.v" into library work
Starting static elaboration
Completed static elaboration
Compiling module schm
Compiling module CLA
Compiling module hybrid_cla
Compiling module test
Compiling module glbl
Time Resolution for simulation is 1ps.
Waiting for 1 sub-compilation(s) to finish...
Compiled 5 Verilog Units
Built simulation executable C:/Users/veyseler/Desktop/lab4/verilog_2/test_isim_beh.exe
Fuse Memory Usage: 28008 KB
Fuse CPU Usage: 530 ms
